# JRE version: OpenJDK Runtime Environment (8.0_152-b01) (build 1.8.0_152-release-1024-b01)
# Java VM: OpenJDK 64-Bit Server VM (25.152-b01 mixed mode bsd-amd64 compressed oops)
Heap:
 PSYoungGen      total 315904K, used 30728K [0x00000007aab00000, 0x00000007c0000000, 0x00000007c0000000)
  eden space 282624K, 10% used [0x00000007aab00000,0x00000007ac9023b8,0x00000007bbf00000)
  from space 33280K, 0% used [0x00000007bbf00000,0x00000007bbf00000,0x00000007bdf80000)
  to   space 33280K, 0% used [0x00000007bdf80000,0x00000007bdf80000,0x00000007c0000000)
 ParOldGen       total 160768K, used 44677K [0x0000000780000000, 0x0000000789d00000, 0x00000007aab00000)
  object space 160768K, 27% used [0x0000000780000000,0x0000000782ba1708,0x0000000789d00000)
 Metaspace       used 73542K, capacity 76168K, committed 76544K, reserved 1116160K
  class space    used 9279K, capacity 9839K, committed 9984K, reserved 1048576K
GC Heap History (10 events):
Event: 647.474 GC heap before
{Heap before GC invocations=25 (full 6):
 PSYoungGen      total 316416K, used 8626K [0x00000007aab00000, 0x00000007c0000000, 0x00000007c0000000)
  eden space 284672K, 0% used [0x00000007aab00000,0x00000007aab00000,0x00000007bc100000)
  from space 31744K, 27% used [0x00000007bc100000,0x00000007bc96cae8,0x00000007be000000)
  to   space 30208K, 0% used [0x00000007be280000,0x00000007be280000,0x00000007c0000000)
 ParOldGen       total 160768K, used 32779K [0x0000000780000000, 0x0000000789d00000, 0x00000007aab00000)
  object space 160768K, 20% used [0x0000000780000000,0x0000000782002fe0,0x0000000789d00000)
 Metaspace       used 62139K, capacity 63846K, committed 64128K, reserved 1105920K
  class space    used 7888K, capacity 8237K, committed 8320K, reserved 1048576K
Event: 647.949 GC heap after
Heap after GC invocations=25 (full 6):
 PSYoungGen      total 316416K, used 0K [0x00000007aab00000, 0x00000007c0000000, 0x00000007c0000000)
  eden space 284672K, 0% used [0x00000007aab00000,0x00000007aab00000,0x00000007bc100000)
  from space 31744K, 0% used [0x00000007bc100000,0x00000007bc100000,0x00000007be000000)
  to   space 30208K, 0% used [0x00000007be280000,0x00000007be280000,0x00000007c0000000)
 ParOldGen       total 160768K, used 40503K [0x0000000780000000, 0x0000000789d00000, 0x00000007aab00000)
  object space 160768K, 25% used [0x0000000780000000,0x000000078278df20,0x0000000789d00000)
 Metaspace       used 62139K, capacity 63846K, committed 64128K, reserved 1105920K
  class space    used 7888K, capacity 8237K, committed 8320K, reserved 1048576K
}
Event: 916.912 GC heap before
{Heap before GC invocations=26 (full 6):
 PSYoungGen      total 316416K, used 249057K [0x00000007aab00000, 0x00000007c0000000, 0x00000007c0000000)
  eden space 284672K, 87% used [0x00000007aab00000,0x00000007b9e385c0,0x00000007bc100000)
  from space 31744K, 0% used [0x00000007bc100000,0x00000007bc100000,0x00000007be000000)
  to   space 30208K, 0% used [0x00000007be280000,0x00000007be280000,0x00000007c0000000)
 ParOldGen       total 160768K, used 40503K [0x0000000780000000, 0x0000000789d00000, 0x00000007aab00000)
  object space 160768K, 25% used [0x0000000780000000,0x000000078278df20,0x0000000789d00000)
 Metaspace       used 72920K, capacity 75430K, committed 75648K, reserved 1116160K
  class space    used 9269K, capacity 9840K, committed 9856K, reserved 1048576K
Event: 916.993 GC heap after
Heap after GC invocations=26 (full 6):
 PSYoungGen      total 312832K, used 25224K [0x00000007aab00000, 0x00000007c0000000, 0x00000007c0000000)
  eden space 282624K, 0% used [0x00000007aab00000,0x00000007aab00000,0x00000007bbf00000)
  from space 30208K, 83% used [0x00000007be280000,0x00000007bfb22330,0x00000007c0000000)
  to   space 33280K, 0% used [0x00000007bbf00000,0x00000007bbf00000,0x00000007bdf80000)
 ParOldGen       total 160768K, used 40511K [0x0000000780000000, 0x0000000789d00000, 0x00000007aab00000)
  object space 160768K, 25% used [0x0000000780000000,0x000000078278ff20,0x0000000789d00000)
 Metaspace       used 72920K, capacity 75430K, committed 75648K, reserved 1116160K
  class space    used 9269K, capacity 9840K, committed 9856K, reserved 1048576K
}
Event: 916.993 GC heap before
{Heap before GC invocations=27 (full 7):
 PSYoungGen      total 312832K, used 25224K [0x00000007aab00000, 0x00000007c0000000, 0x00000007c0000000)
  eden space 282624K, 0% used [0x00000007aab00000,0x00000007aab00000,0x00000007bbf00000)
  from space 30208K, 83% used [0x00000007be280000,0x00000007bfb22330,0x00000007c0000000)
  to   space 33280K, 0% used [0x00000007bbf00000,0x00000007bbf00000,0x00000007bdf80000)
 ParOldGen       total 160768K, used 40511K [0x0000000780000000, 0x0000000789d00000, 0x00000007aab00000)
  object space 160768K, 25% used [0x0000000780000000,0x000000078278ff20,0x0000000789d00000)
 Metaspace       used 72920K, capacity 75430K, committed 75648K, reserved 1116160K
  class space    used 9269K, capacity 9840K, committed 9856K, reserved 1048576K
Event: 917.605 GC heap after
Heap after GC invocations=27 (full 7):
 PSYoungGen      total 312832K, used 0K [0x00000007aab00000, 0x00000007c0000000, 0x00000007c0000000)
  eden space 282624K, 0% used [0x00000007aab00000,0x00000007aab00000,0x00000007bbf00000)
  from space 30208K, 0% used [0x00000007be280000,0x00000007be280000,0x00000007c0000000)
  to   space 33280K, 0% used [0x00000007bbf00000,0x00000007bbf00000,0x00000007bdf80000)
 ParOldGen       total 160768K, used 52817K [0x0000000780000000, 0x0000000789d00000, 0x00000007aab00000)
  object space 160768K, 32% used [0x0000000780000000,0x0000000783394450,0x0000000789d00000)
 Metaspace       used 72846K, capacity 75210K, committed 75648K, reserved 1116160K
  class space    used 9249K, capacity 9788K, committed 9856K, reserved 1048576K
}
Event: 1130.584 GC heap before
{Heap before GC invocations=28 (full 7):
 PSYoungGen      total 312832K, used 170511K [0x00000007aab00000, 0x00000007c0000000, 0x00000007c0000000)
  eden space 282624K, 60% used [0x00000007aab00000,0x00000007b5183ef8,0x00000007bbf00000)
  from space 30208K, 0% used [0x00000007be280000,0x00000007be280000,0x00000007c0000000)
  to   space 33280K, 0% used [0x00000007bbf00000,0x00000007bbf00000,0x00000007bdf80000)
 ParOldGen       total 160768K, used 52817K [0x0000000780000000, 0x0000000789d00000, 0x00000007aab00000)
  object space 160768K, 32% used [0x0000000780000000,0x0000000783394450,0x0000000789d00000)
 Metaspace       used 73552K, capacity 76322K, committed 76544K, reserved 1116160K
  class space    used 9293K, capacity 9856K, committed 9984K, reserved 1048576K
Event: 1130.595 GC heap after
Heap after GC invocations=28 (full 7):
 PSYoungGen      total 315904K, used 1815K [0x00000007aab00000, 0x00000007c0000000, 0x00000007c0000000)
  eden space 282624K, 0% used [0x00000007aab00000,0x00000007aab00000,0x00000007bbf00000)
  from space 33280K, 5% used [0x00000007bbf00000,0x00000007bc0c5d08,0x00000007bdf80000)
  to   space 33280K, 0% used [0x00000007bdf80000,0x00000007bdf80000,0x00000007c0000000)
 ParOldGen       total 160768K, used 52825K [0x0000000780000000, 0x0000000789d00000, 0x00000007aab00000)
  object space 160768K, 32% used [0x0000000780000000,0x0000000783396450,0x0000000789d00000)
 Metaspace       used 73552K, capacity 76322K, committed 76544K, reserved 1116160K
  class space    used 9293K, capacity 9856K, committed 9984K, reserved 1048576K
}
Event: 1130.595 GC heap before
{Heap before GC invocations=29 (full 8):
 PSYoungGen      total 315904K, used 1815K [0x00000007aab00000, 0x00000007c0000000, 0x00000007c0000000)
  eden space 282624K, 0% used [0x00000007aab00000,0x00000007aab00000,0x00000007bbf00000)
  from space 33280K, 5% used [0x00000007bbf00000,0x00000007bc0c5d08,0x00000007bdf80000)
  to   space 33280K, 0% used [0x00000007bdf80000,0x00000007bdf80000,0x00000007c0000000)
 ParOldGen       total 160768K, used 52825K [0x0000000780000000, 0x0000000789d00000, 0x00000007aab00000)
  object space 160768K, 32% used [0x0000000780000000,0x0000000783396450,0x0000000789d00000)
 Metaspace       used 73552K, capacity 76322K, committed 76544K, reserved 1116160K
  class space    used 9293K, capacity 9856K, committed 9984K, reserved 1048576K
Event: 1131.000 GC heap after
Heap after GC invocations=29 (full 8):
 PSYoungGen      total 315904K, used 0K [0x00000007aab00000, 0x00000007c0000000, 0x00000007c0000000)
  eden space 282624K, 0% used [0x00000007aab00000,0x00000007aab00000,0x00000007bbf00000)
  from space 33280K, 0% used [0x00000007bbf00000,0x00000007bbf00000,0x00000007bdf80000)
  to   space 33280K, 0% used [0x00000007bdf80000,0x00000007bdf80000,0x00000007c0000000)
 ParOldGen       total 160768K, used 44677K [0x0000000780000000, 0x0000000789d00000, 0x00000007aab00000)
  object space 160768K, 27% used [0x0000000780000000,0x0000000782ba1708,0x0000000789d00000)
 Metaspace       used 73426K, capacity 76030K, committed 76544K, reserved 1116160K
  class space    used 9267K, capacity 9816K, committed 9984K, reserved 1048576K
}

